# JRE version: OpenJDK Runtime Environment Temurin-17.0.1+12 (17.0.1+12) (build 17.0.1+12)
# Java VM: OpenJDK 64-Bit Server VM Temurin-17.0.1+12 (17.0.1+12, mixed mode, emulated-client, tiered, compressed oops, compressed class ptrs, g1 gc, windows-amd64)
GC Precious Log:
 CPUs: 4 total, 4 available
 Memory: 7987M
 Large Page Support: Disabled
 NUMA Support: Disabled
 Compressed Oops: Enabled (32-bit)
 Heap Region Size: 1M
 Heap Min Capacity: 8M
 Heap Initial Capacity: 126M
 Heap Max Capacity: 1998M
 Pre-touch: Disabled
 Parallel Workers: 4
 Concurrent Workers: 1
 Concurrent Refinement Workers: 4
 Periodic GC: Disabled
Heap:
 garbage-first heap   total 96256K, used 55476K [0x0000000083200000, 0x0000000100000000)
  region size 1024K, 25 young (25600K), 4 survivors (4096K)
 Metaspace       used 79813K, committed 80320K, reserved 1122304K
  class space    used 10345K, committed 10560K, reserved 1048576K
GC Heap History (20 events):
Event: 3.518 GC heap before
{Heap before GC invocations=11 (full 0):
 garbage-first heap   total 71680K, used 56259K [0x0000000083200000, 0x0000000100000000)
  region size 1024K, 40 young (40960K), 3 survivors (3072K)
 Metaspace       used 36245K, committed 36544K, reserved 1081344K
  class space    used 4533K, committed 4672K, reserved 1048576K
}
Event: 3.519 GC heap after
{Heap after GC invocations=12 (full 0):
 garbage-first heap   total 71680K, used 18374K [0x0000000083200000, 0x0000000100000000)
  region size 1024K, 2 young (2048K), 2 survivors (2048K)
 Metaspace       used 36245K, committed 36544K, reserved 1081344K
  class space    used 4533K, committed 4672K, reserved 1048576K
}
Event: 3.598 GC heap before
{Heap before GC invocations=13 (full 0):
 garbage-first heap   total 71680K, used 50118K [0x0000000083200000, 0x0000000100000000)
  region size 1024K, 34 young (34816K), 2 survivors (2048K)
 Metaspace       used 36711K, committed 37056K, reserved 1081344K
  class space    used 4579K, committed 4736K, reserved 1048576K
}
Event: 3.600 GC heap after
{Heap after GC invocations=14 (full 0):
 garbage-first heap   total 71680K, used 18607K [0x0000000083200000, 0x0000000100000000)
  region size 1024K, 2 young (2048K), 2 survivors (2048K)
 Metaspace       used 36711K, committed 37056K, reserved 1081344K
  class space    used 4579K, committed 4736K, reserved 1048576K
}
Event: 3.600 GC heap before
{Heap before GC invocations=14 (full 0):
 garbage-first heap   total 71680K, used 18607K [0x0000000083200000, 0x0000000100000000)
  region size 1024K, 3 young (3072K), 2 survivors (2048K)
 Metaspace       used 36711K, committed 37056K, reserved 1081344K
  class space    used 4579K, committed 4736K, reserved 1048576K
}
Event: 3.602 GC heap after
{Heap after GC invocations=15 (full 0):
 garbage-first heap   total 112640K, used 18243K [0x0000000083200000, 0x0000000100000000)
  region size 1024K, 1 young (1024K), 1 survivors (1024K)
 Metaspace       used 36711K, committed 37056K, reserved 1081344K
  class space    used 4579K, committed 4736K, reserved 1048576K
}
Event: 4.569 GC heap before
{Heap before GC invocations=15 (full 0):
 garbage-first heap   total 112640K, used 80707K [0x0000000083200000, 0x0000000100000000)
  region size 1024K, 63 young (64512K), 1 survivors (1024K)
 Metaspace       used 43926K, committed 44288K, reserved 1089536K
  class space    used 5623K, committed 5824K, reserved 1048576K
}
Event: 4.573 GC heap after
{Heap after GC invocations=16 (full 0):
 garbage-first heap   total 112640K, used 20863K [0x0000000083200000, 0x0000000100000000)
  region size 1024K, 3 young (3072K), 3 survivors (3072K)
 Metaspace       used 43926K, committed 44288K, reserved 1089536K
  class space    used 5623K, committed 5824K, reserved 1048576K
}
Event: 6.271 GC heap before
{Heap before GC invocations=16 (full 0):
 garbage-first heap   total 112640K, used 85375K [0x0000000083200000, 0x0000000100000000)
  region size 1024K, 66 young (67584K), 3 survivors (3072K)
 Metaspace       used 57859K, committed 58304K, reserved 1105920K
  class space    used 7624K, committed 7808K, reserved 1048576K
}
Event: 6.278 GC heap after
{Heap after GC invocations=17 (full 0):
 garbage-first heap   total 112640K, used 24900K [0x0000000083200000, 0x0000000100000000)
  region size 1024K, 7 young (7168K), 7 survivors (7168K)
 Metaspace       used 57859K, committed 58304K, reserved 1105920K
  class space    used 7624K, committed 7808K, reserved 1048576K
}
Event: 8.225 GC heap before
{Heap before GC invocations=17 (full 0):
 garbage-first heap   total 112640K, used 58692K [0x0000000083200000, 0x0000000100000000)
  region size 1024K, 41 young (41984K), 7 survivors (7168K)
 Metaspace       used 60515K, committed 60928K, reserved 1105920K
  class space    used 8020K, committed 8256K, reserved 1048576K
}
Event: 8.231 GC heap after
{Heap after GC invocations=18 (full 0):
 garbage-first heap   total 112640K, used 26134K [0x0000000083200000, 0x0000000100000000)
  region size 1024K, 6 young (6144K), 6 survivors (6144K)
 Metaspace       used 60515K, committed 60928K, reserved 1105920K
  class space    used 8020K, committed 8256K, reserved 1048576K
}
Event: 8.962 GC heap before
{Heap before GC invocations=19 (full 0):
 garbage-first heap   total 96256K, used 82454K [0x0000000083200000, 0x0000000100000000)
  region size 1024K, 62 young (63488K), 6 survivors (6144K)
 Metaspace       used 64110K, committed 64576K, reserved 1105920K
  class space    used 8555K, committed 8768K, reserved 1048576K
}
Event: 8.969 GC heap after
{Heap after GC invocations=20 (full 0):
 garbage-first heap   total 96256K, used 29353K [0x0000000083200000, 0x0000000100000000)
  region size 1024K, 5 young (5120K), 5 survivors (5120K)
 Metaspace       used 64110K, committed 64576K, reserved 1105920K
  class space    used 8555K, committed 8768K, reserved 1048576K
}
Event: 13.182 GC heap before
{Heap before GC invocations=20 (full 0):
 garbage-first heap   total 96256K, used 75433K [0x0000000083200000, 0x0000000100000000)
  region size 1024K, 50 young (51200K), 5 survivors (5120K)
 Metaspace       used 69532K, committed 69952K, reserved 1114112K
  class space    used 9308K, committed 9536K, reserved 1048576K
}
Event: 13.190 GC heap after
{Heap after GC invocations=21 (full 0):
 garbage-first heap   total 96256K, used 32912K [0x0000000083200000, 0x0000000100000000)
  region size 1024K, 7 young (7168K), 7 survivors (7168K)
 Metaspace       used 69532K, committed 69952K, reserved 1114112K
  class space    used 9308K, committed 9536K, reserved 1048576K
}
Event: 14.311 GC heap before
{Heap before GC invocations=21 (full 0):
 garbage-first heap   total 96256K, used 73872K [0x0000000083200000, 0x0000000100000000)
  region size 1024K, 48 young (49152K), 7 survivors (7168K)
 Metaspace       used 77051K, committed 77504K, reserved 1122304K
  class space    used 10003K, committed 10240K, reserved 1048576K
}
Event: 14.321 GC heap after
{Heap after GC invocations=22 (full 0):
 garbage-first heap   total 96256K, used 35279K [0x0000000083200000, 0x0000000100000000)
  region size 1024K, 3 young (3072K), 3 survivors (3072K)
 Metaspace       used 77051K, committed 77504K, reserved 1122304K
  class space    used 10003K, committed 10240K, reserved 1048576K
}
Event: 24.295 GC heap before
{Heap before GC invocations=22 (full 0):
 garbage-first heap   total 96256K, used 75215K [0x0000000083200000, 0x0000000100000000)
  region size 1024K, 43 young (44032K), 3 survivors (3072K)
 Metaspace       used 78381K, committed 78784K, reserved 1122304K
  class space    used 10171K, committed 10368K, reserved 1048576K
}
Event: 24.301 GC heap after
{Heap after GC invocations=23 (full 0):
 garbage-first heap   total 96256K, used 36020K [0x0000000083200000, 0x0000000100000000)
  region size 1024K, 4 young (4096K), 4 survivors (4096K)
 Metaspace       used 78381K, committed 78784K, reserved 1122304K
  class space    used 10171K, committed 10368K, reserved 1048576K
}

