# JRE version: OpenJDK Runtime Environment Temurin-17.0.1+12 (17.0.1+12) (build 17.0.1+12)
# Java VM: OpenJDK 64-Bit Server VM Temurin-17.0.1+12 (17.0.1+12, mixed mode, emulated-client, tiered, compressed oops, compressed class ptrs, g1 gc, windows-amd64)
GC Precious Log:
 CPUs: 4 total, 4 available
 Memory: 7987M
 Large Page Support: Disabled
 NUMA Support: Disabled
 Compressed Oops: Enabled (32-bit)
 Heap Region Size: 1M
 Heap Min Capacity: 8M
 Heap Initial Capacity: 126M
 Heap Max Capacity: 1998M
 Pre-touch: Disabled
 Parallel Workers: 4
 Concurrent Workers: 1
 Concurrent Refinement Workers: 4
 Periodic GC: Disabled
Heap:
 garbage-first heap   total 75776K, used 58086K [0x0000000083200000, 0x0000000100000000)
  region size 1024K, 24 young (24576K), 1 survivors (1024K)
 Metaspace       used 79340K, committed 79808K, reserved 1122304K
  class space    used 10290K, committed 10496K, reserved 1048576K
GC Heap History (20 events):
Event: 8.692 GC heap before
{Heap before GC invocations=20 (full 0):
 garbage-first heap   total 75776K, used 57933K [0x0000000083200000, 0x0000000100000000)
  region size 1024K, 41 young (41984K), 6 survivors (6144K)
 Metaspace       used 56740K, committed 57152K, reserved 1105920K
  class space    used 7412K, committed 7616K, reserved 1048576K
}
Event: 8.699 GC heap after
{Heap after GC invocations=21 (full 0):
 garbage-first heap   total 75776K, used 25338K [0x0000000083200000, 0x0000000100000000)
  region size 1024K, 5 young (5120K), 5 survivors (5120K)
 Metaspace       used 56740K, committed 57152K, reserved 1105920K
  class space    used 7412K, committed 7616K, reserved 1048576K
}
Event: 9.443 GC heap before
{Heap before GC invocations=21 (full 0):
 garbage-first heap   total 75776K, used 59130K [0x0000000083200000, 0x0000000100000000)
  region size 1024K, 38 young (38912K), 5 survivors (5120K)
 Metaspace       used 60626K, committed 61056K, reserved 1105920K
  class space    used 8018K, committed 8256K, reserved 1048576K
}
Event: 9.448 GC heap after
{Heap after GC invocations=22 (full 0):
 garbage-first heap   total 75776K, used 26841K [0x0000000083200000, 0x0000000100000000)
  region size 1024K, 4 young (4096K), 4 survivors (4096K)
 Metaspace       used 60626K, committed 61056K, reserved 1105920K
  class space    used 8018K, committed 8256K, reserved 1048576K
}
Event: 9.549 GC heap before
{Heap before GC invocations=22 (full 0):
 garbage-first heap   total 75776K, used 32985K [0x0000000083200000, 0x0000000100000000)
  region size 1024K, 11 young (11264K), 4 survivors (4096K)
 Metaspace       used 61677K, committed 62016K, reserved 1105920K
  class space    used 8142K, committed 8320K, reserved 1048576K
}
Event: 9.553 GC heap after
{Heap after GC invocations=23 (full 0):
 garbage-first heap   total 75776K, used 27409K [0x0000000083200000, 0x0000000100000000)
  region size 1024K, 3 young (3072K), 3 survivors (3072K)
 Metaspace       used 61677K, committed 62016K, reserved 1105920K
  class space    used 8142K, committed 8320K, reserved 1048576K
}
Event: 9.896 GC heap before
{Heap before GC invocations=24 (full 0):
 garbage-first heap   total 75776K, used 60177K [0x0000000083200000, 0x0000000100000000)
  region size 1024K, 35 young (35840K), 3 survivors (3072K)
 Metaspace       used 63629K, committed 64128K, reserved 1105920K
  class space    used 8483K, committed 8704K, reserved 1048576K
}
Event: 9.901 GC heap after
{Heap after GC invocations=25 (full 0):
 garbage-first heap   total 75776K, used 28851K [0x0000000083200000, 0x0000000100000000)
  region size 1024K, 4 young (4096K), 4 survivors (4096K)
 Metaspace       used 63629K, committed 64128K, reserved 1105920K
  class space    used 8483K, committed 8704K, reserved 1048576K
}
Event: 10.547 GC heap before
{Heap before GC invocations=26 (full 0):
 garbage-first heap   total 75776K, used 60595K [0x0000000083200000, 0x0000000100000000)
  region size 1024K, 35 young (35840K), 4 survivors (4096K)
 Metaspace       used 66933K, committed 67392K, reserved 1114112K
  class space    used 8977K, committed 9216K, reserved 1048576K
}
Event: 10.554 GC heap after
{Heap after GC invocations=27 (full 0):
 garbage-first heap   total 75776K, used 31633K [0x0000000083200000, 0x0000000100000000)
  region size 1024K, 5 young (5120K), 5 survivors (5120K)
 Metaspace       used 66933K, committed 67392K, reserved 1114112K
  class space    used 8977K, committed 9216K, reserved 1048576K
}
Event: 23.439 GC heap before
{Heap before GC invocations=27 (full 0):
 garbage-first heap   total 75776K, used 58257K [0x0000000083200000, 0x0000000100000000)
  region size 1024K, 32 young (32768K), 5 survivors (5120K)
 Metaspace       used 70870K, committed 71360K, reserved 1114112K
  class space    used 9435K, committed 9664K, reserved 1048576K
}
Event: 23.446 GC heap after
{Heap after GC invocations=28 (full 0):
 garbage-first heap   total 75776K, used 33894K [0x0000000083200000, 0x0000000100000000)
  region size 1024K, 3 young (3072K), 3 survivors (3072K)
 Metaspace       used 70870K, committed 71360K, reserved 1114112K
  class space    used 9435K, committed 9664K, reserved 1048576K
}
Event: 24.349 GC heap before
{Heap before GC invocations=28 (full 0):
 garbage-first heap   total 75776K, used 58470K [0x0000000083200000, 0x0000000100000000)
  region size 1024K, 28 young (28672K), 3 survivors (3072K)
 Metaspace       used 75833K, committed 76224K, reserved 1122304K
  class space    used 9861K, committed 10048K, reserved 1048576K
}
Event: 24.354 GC heap after
{Heap after GC invocations=29 (full 0):
 garbage-first heap   total 75776K, used 34911K [0x0000000083200000, 0x0000000100000000)
  region size 1024K, 2 young (2048K), 2 survivors (2048K)
 Metaspace       used 75833K, committed 76224K, reserved 1122304K
  class space    used 9861K, committed 10048K, reserved 1048576K
}
Event: 31.456 GC heap before
{Heap before GC invocations=29 (full 0):
 garbage-first heap   total 75776K, used 59487K [0x0000000083200000, 0x0000000100000000)
  region size 1024K, 27 young (27648K), 2 survivors (2048K)
 Metaspace       used 79149K, committed 79552K, reserved 1122304K
  class space    used 10259K, committed 10432K, reserved 1048576K
}
Event: 31.461 GC heap after
{Heap after GC invocations=30 (full 0):
 garbage-first heap   total 75776K, used 36292K [0x0000000083200000, 0x0000000100000000)
  region size 1024K, 3 young (3072K), 3 survivors (3072K)
 Metaspace       used 79149K, committed 79552K, reserved 1122304K
  class space    used 10259K, committed 10432K, reserved 1048576K
}
Event: 31.942 GC heap before
{Heap before GC invocations=31 (full 0):
 garbage-first heap   total 75776K, used 59844K [0x0000000083200000, 0x0000000100000000)
  region size 1024K, 27 young (27648K), 3 survivors (3072K)
 Metaspace       used 79280K, committed 79744K, reserved 1122304K
  class space    used 10280K, committed 10496K, reserved 1048576K
}
Event: 31.945 GC heap after
{Heap after GC invocations=32 (full 0):
 garbage-first heap   total 75776K, used 36775K [0x0000000083200000, 0x0000000100000000)
  region size 1024K, 3 young (3072K), 3 survivors (3072K)
 Metaspace       used 79280K, committed 79744K, reserved 1122304K
  class space    used 10280K, committed 10496K, reserved 1048576K
}
Event: 31.952 GC heap before
{Heap before GC invocations=32 (full 0):
 garbage-first heap   total 75776K, used 36775K [0x0000000083200000, 0x0000000100000000)
  region size 1024K, 4 young (4096K), 3 survivors (3072K)
 Metaspace       used 79280K, committed 79744K, reserved 1122304K
  class space    used 10280K, committed 10496K, reserved 1048576K
}
Event: 31.954 GC heap after
{Heap after GC invocations=33 (full 0):
 garbage-first heap   total 75776K, used 36582K [0x0000000083200000, 0x0000000100000000)
  region size 1024K, 1 young (1024K), 1 survivors (1024K)
 Metaspace       used 79280K, committed 79744K, reserved 1122304K
  class space    used 10280K, committed 10496K, reserved 1048576K
}

